<?xml version="1.0" encoding="UTF-8"?>
<!-- Generated by org.testng.reporters.JUnitReportReporter -->
<testsuite hostname="LAPTOP-PFAPR085" failures="0" tests="6" name="amazontest.Practice3FromClass" time="14.743" errors="0" timestamp="2020-11-08T13:31:47 EST" skipped="5">
  <testcase classname="amazontest.Practice3FromClass" name="loginWithValidCredential" time="14.743"/>
  <system-out/>
  <testcase classname="amazontest.Practice3FromClass" name="searchBox1">
    <skipped/>
  </testcase> <!-- searchBox1 -->
  <system-out/>
  <testcase classname="amazontest.Practice3FromClass" name="searchBox4">
    <skipped/>
  </testcase> <!-- searchBox4 -->
  <system-out/>
  <testcase classname="amazontest.Practice3FromClass" name="checkHomePageTitle">
    <skipped/>
  </testcase> <!-- checkHomePageTitle -->
  <system-out/>
  <testcase classname="amazontest.Practice3FromClass" name="searchBox2">
    <skipped/>
  </testcase> <!-- searchBox2 -->
  <system-out/>
  <testcase classname="amazontest.Practice3FromClass" name="searchBox3">
    <skipped/>
  </testcase> <!-- searchBox3 -->
  <system-out/>
</testsuite> <!-- amazontest.Practice3FromClass -->
